2024-12-31 00:01:43 [main] INFO  org.testng.internal.Utils - [TestNG] Running:
  C:\Users\Vandita\Desktop\eclipse-workspace\OpenCart_New\Master.xml

2024-12-31 00:01:55 [TestNG-test=Master Test Execution-1] INFO  com.oc.qa.TestCases.RegistrationTest - Test setup started with OS: Windows and Browser: chrome
2024-12-31 00:02:49 [TestNG-test=Master Test Execution-1] INFO  com.oc.qa.TestCases.RegistrationTest - *** Registration test started ***
2024-12-31 00:02:49 [TestNG-test=Master Test Execution-1] INFO  com.oc.qa.TestCases.RegistrationTest - Clicked on My Account
2024-12-31 00:02:50 [TestNG-test=Master Test Execution-1] INFO  com.oc.qa.TestCases.RegistrationTest - Clicked on Register
2024-12-31 00:02:50 [TestNG-test=Master Test Execution-1] INFO  com.oc.qa.TestCases.RegistrationTest - Enter first, last, email and Telephone
2024-12-31 00:02:51 [TestNG-test=Master Test Execution-1] INFO  com.oc.qa.TestCases.RegistrationTest - Enter password
2024-12-31 00:02:51 [TestNG-test=Master Test Execution-1] INFO  com.oc.qa.TestCases.RegistrationTest - Enter confirm password
2024-12-31 00:02:51 [TestNG-test=Master Test Execution-1] INFO  com.oc.qa.TestCases.RegistrationTest - Click on privacy
2024-12-31 00:02:51 [TestNG-test=Master Test Execution-1] INFO  com.oc.qa.TestCases.RegistrationTest - Click on continue button
2024-12-31 00:02:52 [TestNG-test=Master Test Execution-1] INFO  com.oc.qa.TestCases.RegistrationTest - confirmation message
2024-12-31 00:02:52 [TestNG-test=Master Test Execution-1] INFO  com.oc.qa.TestCases.RegistrationTest - ****Registration testing completed*****
2024-12-31 00:03:09 [TestNG-test=Master Test Execution-1] INFO  com.oc.qa.TestCases.LoginTest - Test setup started with OS: Windows and Browser: chrome
2024-12-31 00:03:11 [TestNG-test=Master Test Execution-1] INFO  com.oc.qa.TestCases.LoginTest - *** Login test started ***
2024-12-31 00:03:11 [TestNG-test=Master Test Execution-1] INFO  com.oc.qa.TestCases.LoginTest - Clicked on My Account
2024-12-31 00:03:12 [TestNG-test=Master Test Execution-1] INFO  com.oc.qa.TestCases.LoginTest - Clicked on Login button
2024-12-31 00:03:12 [TestNG-test=Master Test Execution-1] INFO  com.oc.qa.TestCases.LoginTest - Enter an Email
2024-12-31 00:03:12 [TestNG-test=Master Test Execution-1] INFO  com.oc.qa.TestCases.LoginTest - Entered Password
2024-12-31 00:03:12 [TestNG-test=Master Test Execution-1] INFO  com.oc.qa.TestCases.LoginTest - Clicked on Login button
2024-12-31 00:03:13 [TestNG-test=Master Test Execution-1] INFO  com.oc.qa.TestCases.SearchProductTest - Test setup started with OS: Windows and Browser: chrome
2024-12-31 00:03:16 [TestNG-test=Master Test Execution-1] INFO  com.oc.qa.TestCases.SearchProductTest - *** SearchProductTest test started ***
2024-12-31 00:03:16 [TestNG-test=Master Test Execution-1] INFO  com.oc.qa.TestCases.SearchProductTest - *** Login test started ***
2024-12-31 00:03:16 [TestNG-test=Master Test Execution-1] INFO  com.oc.qa.TestCases.SearchProductTest - Clicked on My Account
2024-12-31 00:03:16 [TestNG-test=Master Test Execution-1] INFO  com.oc.qa.TestCases.SearchProductTest - Clicked on Login button
2024-12-31 00:03:16 [TestNG-test=Master Test Execution-1] INFO  com.oc.qa.TestCases.SearchProductTest - Enter an Email
2024-12-31 00:03:17 [TestNG-test=Master Test Execution-1] INFO  com.oc.qa.TestCases.SearchProductTest - Entered Password
2024-12-31 00:03:17 [TestNG-test=Master Test Execution-1] INFO  com.oc.qa.TestCases.SearchProductTest - Clicked on Login button
2024-12-31 00:03:18 [TestNG-test=Master Test Execution-1] INFO  com.oc.qa.TestCases.SearchProductTest - Enter product name
2024-12-31 00:03:18 [TestNG-test=Master Test Execution-1] INFO  com.oc.qa.TestCases.SearchProductTest - Click on search button
2024-12-31 00:03:18 [TestNG-test=Master Test Execution-1] INFO  com.oc.qa.TestCases.SearchProductTest - Click on List view button
2024-12-31 00:03:18 [TestNG-test=Master Test Execution-1] INFO  com.oc.qa.TestCases.SearchProductTest - Check the product name
2024-12-31 00:03:21 [TestNG-test=Master Test Execution-1] INFO  com.oc.qa.TestCases.SearchProductTest - Add the product to cart
2024-12-31 00:03:21 [TestNG-test=Master Test Execution-1] INFO  com.oc.qa.TestCases.SearchProductTest - Go to cart
2024-12-31 00:03:22 [TestNG-test=Master Test Execution-1] INFO  com.oc.qa.TestCases.SearchProductTest - Check the product name from the cart
2024-12-31 00:03:29 [TestNG-test=Master Test Execution-1] INFO  com.oc.qa.TestCases.AddressTest - Test setup started with OS: Windows and Browser: chrome
2024-12-31 00:03:32 [TestNG-test=Master Test Execution-1] INFO  com.oc.qa.TestCases.AddressTest - *** Address test started ***
2024-12-31 00:03:32 [TestNG-test=Master Test Execution-1] INFO  com.oc.qa.TestCases.AddressTest - *** Login test started ***
2024-12-31 00:03:32 [TestNG-test=Master Test Execution-1] INFO  com.oc.qa.TestCases.AddressTest - Clicked on My Account
2024-12-31 00:03:32 [TestNG-test=Master Test Execution-1] INFO  com.oc.qa.TestCases.AddressTest - Clicked on Login button
2024-12-31 00:03:32 [TestNG-test=Master Test Execution-1] INFO  com.oc.qa.TestCases.AddressTest - Enter an Email
2024-12-31 00:03:32 [TestNG-test=Master Test Execution-1] INFO  com.oc.qa.TestCases.AddressTest - Entered Password
2024-12-31 00:03:33 [TestNG-test=Master Test Execution-1] INFO  com.oc.qa.TestCases.AddressTest - Clicked on Login button
2024-12-31 00:03:33 [TestNG-test=Master Test Execution-1] INFO  com.oc.qa.TestCases.AddressTest - Click on Address book entry URL
2024-12-31 00:03:34 [TestNG-test=Master Test Execution-1] INFO  com.oc.qa.TestCases.AddressTest - Clicked on new address button
2024-12-31 00:03:34 [TestNG-test=Master Test Execution-1] INFO  com.oc.qa.TestCases.AddressTest - Entered First Name
2024-12-31 00:03:34 [TestNG-test=Master Test Execution-1] INFO  com.oc.qa.TestCases.AddressTest - Entered Last Name
2024-12-31 00:03:34 [TestNG-test=Master Test Execution-1] INFO  com.oc.qa.TestCases.AddressTest - Entered Company Name
2024-12-31 00:03:35 [TestNG-test=Master Test Execution-1] INFO  com.oc.qa.TestCases.AddressTest - Entered Address1
2024-12-31 00:03:35 [TestNG-test=Master Test Execution-1] INFO  com.oc.qa.TestCases.AddressTest - Entered Address2
2024-12-31 00:04:12 [TestNG-test=Master Test Execution-1] INFO  com.oc.qa.TestCases.AddressTest - Entered city
2024-12-31 00:04:12 [TestNG-test=Master Test Execution-1] INFO  com.oc.qa.TestCases.AddressTest - Entered Postal Code
2024-12-31 00:04:16 [TestNG-test=Master Test Execution-1] INFO  com.oc.qa.TestCases.AddressTest - Select the Country from the Dropdown
2024-12-31 00:04:19 [TestNG-test=Master Test Execution-1] INFO  com.oc.qa.TestCases.AddressTest - Select the Region from the Dropdown
2024-12-31 00:04:19 [TestNG-test=Master Test Execution-1] INFO  com.oc.qa.TestCases.AddressTest - Click on Continue
2024-12-31 00:04:20 [TestNG-test=Master Test Execution-1] INFO  com.oc.qa.TestCases.AddressTest - Verify Success message
2024-12-31 00:04:20 [TestNG-test=Master Test Execution-1] INFO  com.oc.qa.TestCases.AddressTest - Test setup started with OS: Windows and Browser: chrome
2024-12-31 00:04:24 [TestNG-test=Master Test Execution-1] INFO  com.oc.qa.TestCases.AddressTest - *** Address test started ***
2024-12-31 00:04:24 [TestNG-test=Master Test Execution-1] INFO  com.oc.qa.TestCases.AddressTest - *** Login test started ***
2024-12-31 00:04:24 [TestNG-test=Master Test Execution-1] INFO  com.oc.qa.TestCases.AddressTest - Clicked on My Account
2024-12-31 00:04:24 [TestNG-test=Master Test Execution-1] INFO  com.oc.qa.TestCases.AddressTest - Clicked on Login button
2024-12-31 00:04:24 [TestNG-test=Master Test Execution-1] INFO  com.oc.qa.TestCases.AddressTest - Enter an Email
2024-12-31 00:04:24 [TestNG-test=Master Test Execution-1] INFO  com.oc.qa.TestCases.AddressTest - Entered Password
2024-12-31 00:04:25 [TestNG-test=Master Test Execution-1] INFO  com.oc.qa.TestCases.AddressTest - Clicked on Login button
2024-12-31 00:04:25 [TestNG-test=Master Test Execution-1] INFO  com.oc.qa.TestCases.AddressTest - Click on Address book entry URL
2024-12-31 00:04:26 [TestNG-test=Master Test Execution-1] INFO  com.oc.qa.TestCases.AddressTest - Clicked on new address button
2024-12-31 00:04:27 [TestNG-test=Master Test Execution-1] INFO  com.oc.qa.TestCases.AddressTest - Entered First Name
2024-12-31 00:04:27 [TestNG-test=Master Test Execution-1] INFO  com.oc.qa.TestCases.AddressTest - Entered Last Name
2024-12-31 00:04:27 [TestNG-test=Master Test Execution-1] INFO  com.oc.qa.TestCases.AddressTest - Entered Company Name
2024-12-31 00:04:27 [TestNG-test=Master Test Execution-1] INFO  com.oc.qa.TestCases.AddressTest - Entered Address1
2024-12-31 00:04:27 [TestNG-test=Master Test Execution-1] INFO  com.oc.qa.TestCases.AddressTest - Entered Address2
2024-12-31 00:04:27 [TestNG-test=Master Test Execution-1] INFO  com.oc.qa.TestCases.AddressTest - Entered city
2024-12-31 00:04:27 [TestNG-test=Master Test Execution-1] INFO  com.oc.qa.TestCases.AddressTest - Entered Postal Code
2024-12-31 00:04:31 [TestNG-test=Master Test Execution-1] INFO  com.oc.qa.TestCases.AddressTest - Select the Country from the Dropdown
2024-12-31 00:04:34 [TestNG-test=Master Test Execution-1] INFO  com.oc.qa.TestCases.AddressTest - Select the Region from the Dropdown
2024-12-31 00:04:34 [TestNG-test=Master Test Execution-1] INFO  com.oc.qa.TestCases.AddressTest - Click on Continue
2024-12-31 00:04:35 [TestNG-test=Master Test Execution-1] INFO  com.oc.qa.TestCases.AddressTest - Verify Success message
2024-12-31 00:04:36 [TestNG-test=Master Test Execution-1] INFO  com.oc.qa.TestCases.AddressTest - Test setup started with OS: Windows and Browser: chrome
2024-12-31 00:04:39 [TestNG-test=Master Test Execution-1] INFO  com.oc.qa.TestCases.AddressTest - *** Address test started ***
2024-12-31 00:04:39 [TestNG-test=Master Test Execution-1] INFO  com.oc.qa.TestCases.AddressTest - *** Login test started ***
2024-12-31 00:04:39 [TestNG-test=Master Test Execution-1] INFO  com.oc.qa.TestCases.AddressTest - Clicked on My Account
2024-12-31 00:04:39 [TestNG-test=Master Test Execution-1] INFO  com.oc.qa.TestCases.AddressTest - Clicked on Login button
2024-12-31 00:04:39 [TestNG-test=Master Test Execution-1] INFO  com.oc.qa.TestCases.AddressTest - Enter an Email
2024-12-31 00:04:40 [TestNG-test=Master Test Execution-1] INFO  com.oc.qa.TestCases.AddressTest - Entered Password
2024-12-31 00:04:40 [TestNG-test=Master Test Execution-1] INFO  com.oc.qa.TestCases.AddressTest - Clicked on Login button
2024-12-31 00:04:40 [TestNG-test=Master Test Execution-1] INFO  com.oc.qa.TestCases.AddressTest - Click on Address book entry URL
2024-12-31 00:04:41 [TestNG-test=Master Test Execution-1] INFO  com.oc.qa.TestCases.AddressTest - Clicked on new address button
2024-12-31 00:04:41 [TestNG-test=Master Test Execution-1] INFO  com.oc.qa.TestCases.AddressTest - Entered First Name
2024-12-31 00:04:42 [TestNG-test=Master Test Execution-1] INFO  com.oc.qa.TestCases.AddressTest - Entered Last Name
2024-12-31 00:04:42 [TestNG-test=Master Test Execution-1] INFO  com.oc.qa.TestCases.AddressTest - Entered Company Name
2024-12-31 00:04:42 [TestNG-test=Master Test Execution-1] INFO  com.oc.qa.TestCases.AddressTest - Entered Address1
2024-12-31 00:04:42 [TestNG-test=Master Test Execution-1] INFO  com.oc.qa.TestCases.AddressTest - Entered Address2
2024-12-31 00:04:42 [TestNG-test=Master Test Execution-1] INFO  com.oc.qa.TestCases.AddressTest - Entered city
2024-12-31 00:04:42 [TestNG-test=Master Test Execution-1] INFO  com.oc.qa.TestCases.AddressTest - Entered Postal Code
2024-12-31 00:04:45 [TestNG-test=Master Test Execution-1] INFO  com.oc.qa.TestCases.AddressTest - Select the Country from the Dropdown
2024-12-31 00:04:49 [TestNG-test=Master Test Execution-1] INFO  com.oc.qa.TestCases.AddressTest - Select the Region from the Dropdown
2024-12-31 00:04:49 [TestNG-test=Master Test Execution-1] INFO  com.oc.qa.TestCases.AddressTest - Click on Continue
2024-12-31 00:04:49 [TestNG-test=Master Test Execution-1] INFO  com.oc.qa.TestCases.AddressTest - Verify Success message
2024-12-31 00:04:50 [TestNG-test=Master Test Execution-1] INFO  com.oc.qa.TestCases.AddressTest - Test setup started with OS: Windows and Browser: chrome
2024-12-31 00:04:52 [TestNG-test=Master Test Execution-1] INFO  com.oc.qa.TestCases.AddressTest - *** Address test started ***
2024-12-31 00:04:52 [TestNG-test=Master Test Execution-1] INFO  com.oc.qa.TestCases.AddressTest - *** Login test started ***
2024-12-31 00:04:52 [TestNG-test=Master Test Execution-1] INFO  com.oc.qa.TestCases.AddressTest - Clicked on My Account
2024-12-31 00:04:52 [TestNG-test=Master Test Execution-1] INFO  com.oc.qa.TestCases.AddressTest - Clicked on Login button
2024-12-31 00:04:52 [TestNG-test=Master Test Execution-1] INFO  com.oc.qa.TestCases.AddressTest - Enter an Email
2024-12-31 00:04:52 [TestNG-test=Master Test Execution-1] INFO  com.oc.qa.TestCases.AddressTest - Entered Password
2024-12-31 00:04:52 [TestNG-test=Master Test Execution-1] INFO  com.oc.qa.TestCases.AddressTest - Clicked on Login button
2024-12-31 00:04:53 [TestNG-test=Master Test Execution-1] INFO  com.oc.qa.TestCases.AddressTest - Click on Address book entry URL
2024-12-31 00:04:53 [TestNG-test=Master Test Execution-1] INFO  com.oc.qa.TestCases.AddressTest - Clicked on new address button
2024-12-31 00:04:54 [TestNG-test=Master Test Execution-1] INFO  com.oc.qa.TestCases.AddressTest - Entered First Name
2024-12-31 00:04:54 [TestNG-test=Master Test Execution-1] INFO  com.oc.qa.TestCases.AddressTest - Entered Last Name
2024-12-31 00:04:54 [TestNG-test=Master Test Execution-1] INFO  com.oc.qa.TestCases.AddressTest - Entered Company Name
2024-12-31 00:04:54 [TestNG-test=Master Test Execution-1] INFO  com.oc.qa.TestCases.AddressTest - Entered Address1
2024-12-31 00:04:55 [TestNG-test=Master Test Execution-1] INFO  com.oc.qa.TestCases.AddressTest - Entered Address2
2024-12-31 00:04:55 [TestNG-test=Master Test Execution-1] INFO  com.oc.qa.TestCases.AddressTest - Entered city
2024-12-31 00:04:55 [TestNG-test=Master Test Execution-1] INFO  com.oc.qa.TestCases.AddressTest - Entered Postal Code
2024-12-31 00:04:58 [TestNG-test=Master Test Execution-1] INFO  com.oc.qa.TestCases.AddressTest - Select the Country from the Dropdown
2024-12-31 00:05:01 [TestNG-test=Master Test Execution-1] INFO  com.oc.qa.TestCases.AddressTest - Select the Region from the Dropdown
2024-12-31 00:05:02 [TestNG-test=Master Test Execution-1] INFO  com.oc.qa.TestCases.AddressTest - Click on Continue
2024-12-31 00:05:02 [TestNG-test=Master Test Execution-1] INFO  com.oc.qa.TestCases.AddressTest - Verify Success message
2024-12-31 00:15:19 [main] INFO  org.testng.internal.Utils - [TestNG] Running:
  C:\Users\Vandita\Desktop\eclipse-workspace\OpenCart_New\Master.xml

2024-12-31 00:15:19 [TestNG-test=Master Test Execution-1] INFO  com.oc.qa.TestCases.RegistrationTest - Test setup started with OS: Windows and Browser: chrome
2024-12-31 00:15:22 [TestNG-test=Master Test Execution-1] INFO  com.oc.qa.TestCases.RegistrationTest - *** Registration test started ***
2024-12-31 00:15:22 [TestNG-test=Master Test Execution-1] INFO  com.oc.qa.TestCases.RegistrationTest - Clicked on My Account
2024-12-31 00:15:23 [TestNG-test=Master Test Execution-1] INFO  com.oc.qa.TestCases.RegistrationTest - Clicked on Register
2024-12-31 00:15:23 [TestNG-test=Master Test Execution-1] INFO  com.oc.qa.TestCases.RegistrationTest - Enter first, last, email and Telephone
2024-12-31 00:15:24 [TestNG-test=Master Test Execution-1] INFO  com.oc.qa.TestCases.RegistrationTest - Enter password
2024-12-31 00:15:24 [TestNG-test=Master Test Execution-1] INFO  com.oc.qa.TestCases.RegistrationTest - Enter confirm password
2024-12-31 00:15:24 [TestNG-test=Master Test Execution-1] INFO  com.oc.qa.TestCases.RegistrationTest - Click on privacy
2024-12-31 00:15:24 [TestNG-test=Master Test Execution-1] INFO  com.oc.qa.TestCases.RegistrationTest - Click on continue button
2024-12-31 00:15:25 [TestNG-test=Master Test Execution-1] INFO  com.oc.qa.TestCases.RegistrationTest - confirmation message
2024-12-31 00:15:25 [TestNG-test=Master Test Execution-1] INFO  com.oc.qa.TestCases.RegistrationTest - ****Registration testing completed*****
2024-12-31 00:15:25 [TestNG-test=Master Test Execution-1] INFO  com.oc.qa.TestCases.LoginTest - Test setup started with OS: Windows and Browser: chrome
2024-12-31 00:15:30 [TestNG-test=Master Test Execution-1] INFO  com.oc.qa.TestCases.LoginTest - *** Login test started ***
2024-12-31 00:15:30 [TestNG-test=Master Test Execution-1] INFO  com.oc.qa.TestCases.LoginTest - Clicked on My Account
2024-12-31 00:15:31 [TestNG-test=Master Test Execution-1] INFO  com.oc.qa.TestCases.LoginTest - Clicked on Login button
2024-12-31 00:15:31 [TestNG-test=Master Test Execution-1] INFO  com.oc.qa.TestCases.LoginTest - Enter an Email
2024-12-31 00:15:31 [TestNG-test=Master Test Execution-1] INFO  com.oc.qa.TestCases.LoginTest - Entered Password
2024-12-31 00:15:31 [TestNG-test=Master Test Execution-1] INFO  com.oc.qa.TestCases.LoginTest - Clicked on Login button
2024-12-31 00:15:33 [TestNG-test=Master Test Execution-1] INFO  com.oc.qa.TestCases.SearchProductTest - Test setup started with OS: Windows and Browser: chrome
2024-12-31 00:15:36 [TestNG-test=Master Test Execution-1] INFO  com.oc.qa.TestCases.SearchProductTest - *** SearchProductTest test started ***
2024-12-31 00:15:36 [TestNG-test=Master Test Execution-1] INFO  com.oc.qa.TestCases.SearchProductTest - *** Login test started ***
2024-12-31 00:15:36 [TestNG-test=Master Test Execution-1] INFO  com.oc.qa.TestCases.SearchProductTest - Clicked on My Account
2024-12-31 00:15:36 [TestNG-test=Master Test Execution-1] INFO  com.oc.qa.TestCases.SearchProductTest - Clicked on Login button
2024-12-31 00:15:36 [TestNG-test=Master Test Execution-1] INFO  com.oc.qa.TestCases.SearchProductTest - Enter an Email
2024-12-31 00:15:37 [TestNG-test=Master Test Execution-1] INFO  com.oc.qa.TestCases.SearchProductTest - Entered Password
2024-12-31 00:15:37 [TestNG-test=Master Test Execution-1] INFO  com.oc.qa.TestCases.SearchProductTest - Clicked on Login button
2024-12-31 00:15:37 [TestNG-test=Master Test Execution-1] INFO  com.oc.qa.TestCases.SearchProductTest - Enter product name
2024-12-31 00:15:38 [TestNG-test=Master Test Execution-1] INFO  com.oc.qa.TestCases.SearchProductTest - Click on search button
2024-12-31 00:15:38 [TestNG-test=Master Test Execution-1] INFO  com.oc.qa.TestCases.SearchProductTest - Click on List view button
2024-12-31 00:15:38 [TestNG-test=Master Test Execution-1] INFO  com.oc.qa.TestCases.SearchProductTest - Check the product name
2024-12-31 00:15:41 [TestNG-test=Master Test Execution-1] INFO  com.oc.qa.TestCases.SearchProductTest - Add the product to cart
2024-12-31 00:15:41 [TestNG-test=Master Test Execution-1] INFO  com.oc.qa.TestCases.SearchProductTest - Go to cart
2024-12-31 00:15:41 [TestNG-test=Master Test Execution-1] INFO  com.oc.qa.TestCases.SearchProductTest - Check the product name from the cart
2024-12-31 00:15:49 [TestNG-test=Master Test Execution-1] INFO  com.oc.qa.TestCases.AddressTest - Test setup started with OS: Windows and Browser: chrome
2024-12-31 00:15:54 [TestNG-test=Master Test Execution-1] INFO  com.oc.qa.TestCases.AddressTest - *** Address test started ***
2024-12-31 00:15:54 [TestNG-test=Master Test Execution-1] INFO  com.oc.qa.TestCases.AddressTest - *** Login test started ***
2024-12-31 00:15:54 [TestNG-test=Master Test Execution-1] INFO  com.oc.qa.TestCases.AddressTest - Clicked on My Account
2024-12-31 00:15:54 [TestNG-test=Master Test Execution-1] INFO  com.oc.qa.TestCases.AddressTest - Clicked on Login button
2024-12-31 00:15:54 [TestNG-test=Master Test Execution-1] INFO  com.oc.qa.TestCases.AddressTest - Enter an Email
2024-12-31 00:15:55 [TestNG-test=Master Test Execution-1] INFO  com.oc.qa.TestCases.AddressTest - Entered Password
2024-12-31 00:15:55 [TestNG-test=Master Test Execution-1] INFO  com.oc.qa.TestCases.AddressTest - Clicked on Login button
2024-12-31 00:15:56 [TestNG-test=Master Test Execution-1] INFO  com.oc.qa.TestCases.AddressTest - Click on Address book entry URL
2024-12-31 00:15:56 [TestNG-test=Master Test Execution-1] INFO  com.oc.qa.TestCases.AddressTest - Clicked on new address button
2024-12-31 00:15:57 [TestNG-test=Master Test Execution-1] INFO  com.oc.qa.TestCases.AddressTest - Entered First Name
2024-12-31 00:15:57 [TestNG-test=Master Test Execution-1] INFO  com.oc.qa.TestCases.AddressTest - Entered Last Name
2024-12-31 00:15:57 [TestNG-test=Master Test Execution-1] INFO  com.oc.qa.TestCases.AddressTest - Entered Company Name
2024-12-31 00:15:57 [TestNG-test=Master Test Execution-1] INFO  com.oc.qa.TestCases.AddressTest - Entered Address1
2024-12-31 00:15:57 [TestNG-test=Master Test Execution-1] INFO  com.oc.qa.TestCases.AddressTest - Entered Address2
2024-12-31 00:15:58 [TestNG-test=Master Test Execution-1] INFO  com.oc.qa.TestCases.AddressTest - Entered city
2024-12-31 00:15:58 [TestNG-test=Master Test Execution-1] INFO  com.oc.qa.TestCases.AddressTest - Entered Postal Code
2024-12-31 00:16:01 [TestNG-test=Master Test Execution-1] INFO  com.oc.qa.TestCases.AddressTest - Select the Country from the Dropdown
2024-12-31 00:16:04 [TestNG-test=Master Test Execution-1] INFO  com.oc.qa.TestCases.AddressTest - Select the Region from the Dropdown
2024-12-31 00:16:04 [TestNG-test=Master Test Execution-1] INFO  com.oc.qa.TestCases.AddressTest - Click on Continue
2024-12-31 00:16:05 [TestNG-test=Master Test Execution-1] INFO  com.oc.qa.TestCases.AddressTest - Verify Success message
2024-12-31 00:16:05 [TestNG-test=Master Test Execution-1] INFO  com.oc.qa.TestCases.AddressTest - Test setup started with OS: Windows and Browser: chrome
2024-12-31 00:16:07 [TestNG-test=Master Test Execution-1] INFO  com.oc.qa.TestCases.AddressTest - *** Address test started ***
2024-12-31 00:16:07 [TestNG-test=Master Test Execution-1] INFO  com.oc.qa.TestCases.AddressTest - *** Login test started ***
2024-12-31 00:16:07 [TestNG-test=Master Test Execution-1] INFO  com.oc.qa.TestCases.AddressTest - Clicked on My Account
2024-12-31 00:16:07 [TestNG-test=Master Test Execution-1] INFO  com.oc.qa.TestCases.AddressTest - Clicked on Login button
2024-12-31 00:16:07 [TestNG-test=Master Test Execution-1] INFO  com.oc.qa.TestCases.AddressTest - Enter an Email
2024-12-31 00:16:08 [TestNG-test=Master Test Execution-1] INFO  com.oc.qa.TestCases.AddressTest - Entered Password
2024-12-31 00:16:08 [TestNG-test=Master Test Execution-1] INFO  com.oc.qa.TestCases.AddressTest - Clicked on Login button
2024-12-31 00:16:08 [TestNG-test=Master Test Execution-1] INFO  com.oc.qa.TestCases.AddressTest - Click on Address book entry URL
2024-12-31 00:16:09 [TestNG-test=Master Test Execution-1] INFO  com.oc.qa.TestCases.AddressTest - Clicked on new address button
2024-12-31 00:16:09 [TestNG-test=Master Test Execution-1] INFO  com.oc.qa.TestCases.AddressTest - Entered First Name
2024-12-31 00:16:10 [TestNG-test=Master Test Execution-1] INFO  com.oc.qa.TestCases.AddressTest - Entered Last Name
2024-12-31 00:16:10 [TestNG-test=Master Test Execution-1] INFO  com.oc.qa.TestCases.AddressTest - Entered Company Name
2024-12-31 00:16:10 [TestNG-test=Master Test Execution-1] INFO  com.oc.qa.TestCases.AddressTest - Entered Address1
2024-12-31 00:16:10 [TestNG-test=Master Test Execution-1] INFO  com.oc.qa.TestCases.AddressTest - Entered Address2
2024-12-31 00:16:10 [TestNG-test=Master Test Execution-1] INFO  com.oc.qa.TestCases.AddressTest - Entered city
2024-12-31 00:16:10 [TestNG-test=Master Test Execution-1] INFO  com.oc.qa.TestCases.AddressTest - Entered Postal Code
2024-12-31 00:16:13 [TestNG-test=Master Test Execution-1] INFO  com.oc.qa.TestCases.AddressTest - Select the Country from the Dropdown
2024-12-31 00:16:17 [TestNG-test=Master Test Execution-1] INFO  com.oc.qa.TestCases.AddressTest - Select the Region from the Dropdown
2024-12-31 00:16:17 [TestNG-test=Master Test Execution-1] INFO  com.oc.qa.TestCases.AddressTest - Click on Continue
2024-12-31 00:16:17 [TestNG-test=Master Test Execution-1] INFO  com.oc.qa.TestCases.AddressTest - Verify Success message
2024-12-31 00:16:18 [TestNG-test=Master Test Execution-1] INFO  com.oc.qa.TestCases.AddressTest - Test setup started with OS: Windows and Browser: chrome
2024-12-31 00:16:20 [TestNG-test=Master Test Execution-1] INFO  com.oc.qa.TestCases.AddressTest - *** Address test started ***
2024-12-31 00:16:20 [TestNG-test=Master Test Execution-1] INFO  com.oc.qa.TestCases.AddressTest - *** Login test started ***
2024-12-31 00:16:20 [TestNG-test=Master Test Execution-1] INFO  com.oc.qa.TestCases.AddressTest - Clicked on My Account
2024-12-31 00:16:20 [TestNG-test=Master Test Execution-1] INFO  com.oc.qa.TestCases.AddressTest - Clicked on Login button
2024-12-31 00:16:20 [TestNG-test=Master Test Execution-1] INFO  com.oc.qa.TestCases.AddressTest - Enter an Email
2024-12-31 00:16:20 [TestNG-test=Master Test Execution-1] INFO  com.oc.qa.TestCases.AddressTest - Entered Password
2024-12-31 00:16:20 [TestNG-test=Master Test Execution-1] INFO  com.oc.qa.TestCases.AddressTest - Clicked on Login button
2024-12-31 00:16:21 [TestNG-test=Master Test Execution-1] INFO  com.oc.qa.TestCases.AddressTest - Click on Address book entry URL
2024-12-31 00:16:21 [TestNG-test=Master Test Execution-1] INFO  com.oc.qa.TestCases.AddressTest - Clicked on new address button
2024-12-31 00:16:22 [TestNG-test=Master Test Execution-1] INFO  com.oc.qa.TestCases.AddressTest - Entered First Name
2024-12-31 00:16:22 [TestNG-test=Master Test Execution-1] INFO  com.oc.qa.TestCases.AddressTest - Entered Last Name
2024-12-31 00:16:22 [TestNG-test=Master Test Execution-1] INFO  com.oc.qa.TestCases.AddressTest - Entered Company Name
2024-12-31 00:16:23 [TestNG-test=Master Test Execution-1] INFO  com.oc.qa.TestCases.AddressTest - Entered Address1
2024-12-31 00:16:23 [TestNG-test=Master Test Execution-1] INFO  com.oc.qa.TestCases.AddressTest - Entered Address2
2024-12-31 00:16:23 [TestNG-test=Master Test Execution-1] INFO  com.oc.qa.TestCases.AddressTest - Entered city
2024-12-31 00:16:23 [TestNG-test=Master Test Execution-1] INFO  com.oc.qa.TestCases.AddressTest - Entered Postal Code
2024-12-31 00:16:26 [TestNG-test=Master Test Execution-1] INFO  com.oc.qa.TestCases.AddressTest - Select the Country from the Dropdown
2024-12-31 00:16:29 [TestNG-test=Master Test Execution-1] INFO  com.oc.qa.TestCases.AddressTest - Select the Region from the Dropdown
2024-12-31 00:16:29 [TestNG-test=Master Test Execution-1] INFO  com.oc.qa.TestCases.AddressTest - Click on Continue
2024-12-31 00:16:30 [TestNG-test=Master Test Execution-1] INFO  com.oc.qa.TestCases.AddressTest - Verify Success message
2024-12-31 00:16:31 [TestNG-test=Master Test Execution-1] INFO  com.oc.qa.TestCases.AddressTest - Test setup started with OS: Windows and Browser: chrome
2024-12-31 00:16:33 [TestNG-test=Master Test Execution-1] INFO  com.oc.qa.TestCases.AddressTest - *** Address test started ***
2024-12-31 00:16:33 [TestNG-test=Master Test Execution-1] INFO  com.oc.qa.TestCases.AddressTest - *** Login test started ***
2024-12-31 00:16:33 [TestNG-test=Master Test Execution-1] INFO  com.oc.qa.TestCases.AddressTest - Clicked on My Account
2024-12-31 00:16:33 [TestNG-test=Master Test Execution-1] INFO  com.oc.qa.TestCases.AddressTest - Clicked on Login button
2024-12-31 00:16:33 [TestNG-test=Master Test Execution-1] INFO  com.oc.qa.TestCases.AddressTest - Enter an Email
2024-12-31 00:16:34 [TestNG-test=Master Test Execution-1] INFO  com.oc.qa.TestCases.AddressTest - Entered Password
2024-12-31 00:16:34 [TestNG-test=Master Test Execution-1] INFO  com.oc.qa.TestCases.AddressTest - Clicked on Login button
2024-12-31 00:16:34 [TestNG-test=Master Test Execution-1] INFO  com.oc.qa.TestCases.AddressTest - Click on Address book entry URL
2024-12-31 00:16:35 [TestNG-test=Master Test Execution-1] INFO  com.oc.qa.TestCases.AddressTest - Clicked on new address button
2024-12-31 00:16:35 [TestNG-test=Master Test Execution-1] INFO  com.oc.qa.TestCases.AddressTest - Entered First Name
2024-12-31 00:16:35 [TestNG-test=Master Test Execution-1] INFO  com.oc.qa.TestCases.AddressTest - Entered Last Name
2024-12-31 00:16:35 [TestNG-test=Master Test Execution-1] INFO  com.oc.qa.TestCases.AddressTest - Entered Company Name
2024-12-31 00:16:36 [TestNG-test=Master Test Execution-1] INFO  com.oc.qa.TestCases.AddressTest - Entered Address1
2024-12-31 00:16:36 [TestNG-test=Master Test Execution-1] INFO  com.oc.qa.TestCases.AddressTest - Entered Address2
2024-12-31 00:16:36 [TestNG-test=Master Test Execution-1] INFO  com.oc.qa.TestCases.AddressTest - Entered city
2024-12-31 00:16:36 [TestNG-test=Master Test Execution-1] INFO  com.oc.qa.TestCases.AddressTest - Entered Postal Code
2024-12-31 00:16:39 [TestNG-test=Master Test Execution-1] INFO  com.oc.qa.TestCases.AddressTest - Select the Country from the Dropdown
2024-12-31 00:16:42 [TestNG-test=Master Test Execution-1] INFO  com.oc.qa.TestCases.AddressTest - Select the Region from the Dropdown
2024-12-31 00:16:43 [TestNG-test=Master Test Execution-1] INFO  com.oc.qa.TestCases.AddressTest - Click on Continue
2024-12-31 00:16:43 [TestNG-test=Master Test Execution-1] INFO  com.oc.qa.TestCases.AddressTest - Verify Success message
